(<class 'TypeError'>, TypeError('byte indices must be integers, not str',), <traceback object at 0x02C54468>)
(<class 'TypeError'>, TypeError('byte indices must be integers, not str',), <traceback object at 0x023F44B8>)
(<class 'TypeError'>, TypeError('byte indices must be integers, not str',), <traceback object at 0x018A43C8>)
(<class 'TypeError'>, TypeError('byte indices must be integers, not str',), <traceback object at 0x018F43C8>)
(<class 'TypeError'>, TypeError('byte indices must be integers, not str',), <traceback object at 0x019743C8>)
2015-08-31 21:38:25,389 - reapor - ERROR - (<class 'TypeError'>, TypeError('byte indices must be integers, not str',), <traceback object at 0x02BE3508>)
2015-08-31 21:41:43,029 - reapor - ERROR - (<class 'TypeError'>, TypeError('byte indices must be integers, not str',), <traceback object at 0x018A3418>)
2015-08-31 21:46:43,091 - reapor - ERROR - (<class 'TypeError'>, TypeError('byte indices must be integers, not str',), <traceback object at 0x010A3418>)
2015-08-31 21:51:43,031 - reapor - ERROR - (<class 'TypeError'>, TypeError('byte indices must be integers, not str',), <traceback object at 0x018C3418>)
2015-08-31 21:56:43,045 - reapor - ERROR - (<class 'TypeError'>, TypeError('byte indices must be integers, not str',), <traceback object at 0x00DD3418>)
2015-08-31 22:01:43,036 - reapor - ERROR - (<class 'TypeError'>, TypeError('byte indices must be integers, not str',), <traceback object at 0x01933418>)
2015-08-31 22:06:43,047 - reapor - ERROR - (<class 'TypeError'>, TypeError('byte indices must be integers, not str',), <traceback object at 0x01933418>)
2015-08-31 22:11:43,131 - reapor - ERROR - (<class 'TypeError'>, TypeError('byte indices must be integers, not str',), <traceback object at 0x01983418>)
2015-08-31 22:16:43,045 - reapor - ERROR - (<class 'TypeError'>, TypeError('byte indices must be integers, not str',), <traceback object at 0x018E3418>)
2015-08-31 22:21:43,083 - reapor - ERROR - (<class 'TypeError'>, TypeError('byte indices must be integers, not str',), <traceback object at 0x018D3418>)
2015-08-31 22:26:43,016 - reapor - ERROR - (<class 'TypeError'>, TypeError('byte indices must be integers, not str',), <traceback object at 0x018B3418>)
2015-08-31 22:31:43,093 - reapor - ERROR - (<class 'TypeError'>, TypeError('byte indices must be integers, not str',), <traceback object at 0x01913418>)
2015-08-31 22:36:43,062 - reapor - ERROR - (<class 'TypeError'>, TypeError('byte indices must be integers, not str',), <traceback object at 0x01853418>)
2015-08-31 22:41:43,034 - reapor - ERROR - (<class 'TypeError'>, TypeError('byte indices must be integers, not str',), <traceback object at 0x01933418>)
2015-08-31 22:46:43,007 - reapor - ERROR - (<class 'TypeError'>, TypeError('byte indices must be integers, not str',), <traceback object at 0x01933418>)
2015-08-31 22:51:43,015 - reapor - ERROR - (<class 'TypeError'>, TypeError('byte indices must be integers, not str',), <traceback object at 0x018D3418>)
2015-08-31 22:56:43,033 - reapor - ERROR - (<class 'TypeError'>, TypeError('byte indices must be integers, not str',), <traceback object at 0x01033418>)
2015-08-31 23:01:43,027 - reapor - ERROR - (<class 'TypeError'>, TypeError('byte indices must be integers, not str',), <traceback object at 0x010B3418>)
2015-08-31 23:04:05,235 - reapor - ERROR - (<class 'TypeError'>, TypeError('byte indices must be integers, not str',), <traceback object at 0x02433508>)
2015-08-31 23:06:07,957 - reapor - DEBUG - Don't fear the reapor
2015-08-31 23:06:07,957 - reapor - DEBUG - 1
2015-08-31 23:06:07,957 - reapor - ERROR - (<class 'TypeError'>, TypeError('byte indices must be integers, not str',), <traceback object at 0x02C43558>)
2015-08-31 23:06:43,002 - reapor - DEBUG - Don't fear the reapor
2015-08-31 23:06:43,018 - reapor - DEBUG - 1
2015-08-31 23:06:43,018 - reapor - ERROR - (<class 'TypeError'>, TypeError('byte indices must be integers, not str',), <traceback object at 0x01923468>)
2015-08-31 23:11:43,053 - reapor - DEBUG - Don't fear the reapor
2015-08-31 23:11:43,053 - reapor - DEBUG - 1
2015-08-31 23:11:43,053 - reapor - ERROR - (<class 'TypeError'>, TypeError('byte indices must be integers, not str',), <traceback object at 0x01093468>)
2015-08-31 23:14:14,938 - reapor - DEBUG - Don't fear the reapor
2015-08-31 23:14:14,953 - reapor - DEBUG - 1
2015-08-31 23:14:14,953 - reapor - ERROR - (<class 'TypeError'>, TypeError('byte indices must be integers, not str',), <traceback object at 0x02BB3558>)
2015-08-31 23:14:39,989 - reapor - DEBUG - Don't fear the reapor
2015-08-31 23:14:39,989 - reapor - ERROR - (<class 'TypeError'>, TypeError("Can't convert 'bytes' object to str implicitly",), <traceback object at 0x02C73580>)
2015-08-31 23:15:29,060 - reapor - DEBUG - Don't fear the reapor
2015-08-31 23:15:29,060 - reapor - ERROR - (<class 'TypeError'>, TypeError("Can't convert 'bytes' object to str implicitly",), <traceback object at 0x02C33558>)
2015-08-31 23:16:17,667 - reapor - DEBUG - Don't fear the reapor
2015-08-31 23:16:17,682 - reapor - DEBUG - hi
2015-08-31 23:16:17,682 - reapor - ERROR - (<class 'TypeError'>, TypeError("Can't convert 'bytes' object to str implicitly",), <traceback object at 0x02C03558>)
2015-08-31 23:17:00,023 - reapor - DEBUG - Don't fear the reapor
2015-08-31 23:17:00,038 - reapor - DEBUG - hi
2015-08-31 23:17:00,038 - reapor - DEBUG - key: b'1c529074-4fae-429f-8333-51c6eb76526a'
2015-08-31 23:17:00,038 - reapor - ERROR - (<class 'TypeError'>, TypeError('byte indices must be integers, not str',), <traceback object at 0x02434558>)
2015-08-31 23:21:43,206 - reapor - DEBUG - Don't fear the reapor
2015-08-31 23:21:43,221 - reapor - DEBUG - hi
2015-08-31 23:21:43,221 - reapor - DEBUG - key: b'1c529074-4fae-429f-8333-51c6eb76526a'
2015-08-31 23:21:43,221 - reapor - ERROR - (<class 'TypeError'>, TypeError('byte indices must be integers, not str',), <traceback object at 0x018C4468>)
2015-08-31 23:26:43,133 - reapor - DEBUG - Don't fear the reapor
2015-08-31 23:26:43,133 - reapor - DEBUG - hi
2015-08-31 23:26:43,133 - reapor - DEBUG - key: b'1c529074-4fae-429f-8333-51c6eb76526a'
2015-08-31 23:26:43,133 - reapor - ERROR - (<class 'TypeError'>, TypeError('byte indices must be integers, not str',), <traceback object at 0x018E4468>)
2015-08-31 23:30:26,598 - reapor - DEBUG - Don't fear the reapor
2015-08-31 23:30:26,614 - reapor - DEBUG - hi
2015-08-31 23:30:26,614 - reapor - DEBUG - key: 1c529074-4fae-429f-8333-51c6eb76526a
2015-08-31 23:30:26,614 - reapor - ERROR - (<class 'TypeError'>, TypeError('byte indices must be integers, not str',), <traceback object at 0x02B83558>)
2015-08-31 23:30:49,760 - reapor - DEBUG - Don't fear the reapor
2015-08-31 23:30:49,775 - reapor - DEBUG - hi
2015-08-31 23:30:49,775 - reapor - DEBUG - key: 1c529074-4fae-429f-8333-51c6eb76526a
2015-08-31 23:30:49,775 - reapor - ERROR - (<class 'TypeError'>, TypeError('byte indices must be integers, not str',), <traceback object at 0x020F3558>)
2015-08-31 23:31:31,147 - reapor - DEBUG - Don't fear the reapor
2015-08-31 23:31:31,147 - reapor - DEBUG - hi
2015-08-31 23:31:31,147 - reapor - DEBUG - key: 1c529074-4fae-429f-8333-51c6eb76526a
2015-08-31 23:31:31,147 - reapor - ERROR - (<class 'TypeError'>, TypeError("Can't convert 'bytes' object to str implicitly",), <traceback object at 0x02C14558>)
2015-08-31 23:31:43,064 - reapor - DEBUG - Don't fear the reapor
2015-08-31 23:31:43,080 - reapor - DEBUG - hi
2015-08-31 23:31:43,080 - reapor - DEBUG - key: 1c529074-4fae-429f-8333-51c6eb76526a
2015-08-31 23:31:43,080 - reapor - ERROR - (<class 'TypeError'>, TypeError("Can't convert 'bytes' object to str implicitly",), <traceback object at 0x018D4468>)
2015-08-31 23:31:52,747 - reapor - DEBUG - Don't fear the reapor
2015-08-31 23:31:52,763 - reapor - DEBUG - hi
2015-08-31 23:31:52,763 - reapor - DEBUG - key: 1c529074-4fae-429f-8333-51c6eb76526a
2015-08-31 23:31:52,763 - reapor - DEBUG - value: {'name': '1c529074-4fae-429f-8333-51c6eb76526a', 'created_at': '2015-08-28 01:50:09.815', 'ttl': '2015-08-28 02:20:09.815'}
2015-08-31 23:31:52,763 - reapor - ERROR - (<class 'TypeError'>, TypeError('byte indices must be integers, not str',), <traceback object at 0x02BF3558>)
2015-08-31 23:33:33,454 - reapor - DEBUG - Don't fear the reapor
2015-08-31 23:33:33,469 - reapor - DEBUG - hi
2015-08-31 23:33:33,469 - reapor - DEBUG - key: 1c529074-4fae-429f-8333-51c6eb76526a
2015-08-31 23:33:33,469 - reapor - DEBUG - value: {'name': '1c529074-4fae-429f-8333-51c6eb76526a', 'created_at': '2015-08-28 01:50:09.815', 'ttl': '2015-08-28 02:20:09.815'}
2015-08-31 23:33:33,469 - reapor - ERROR - (<class 'TypeError'>, TypeError('string indices must be integers',), <traceback object at 0x02C33558>)
2015-08-31 23:36:28,740 - reapor - DEBUG - Don't fear the reapor
2015-08-31 23:36:28,755 - reapor - DEBUG - key: 1c529074-4fae-429f-8333-51c6eb76526a
2015-08-31 23:36:28,755 - reapor - DEBUG - value: {'name': '1c529074-4fae-429f-8333-51c6eb76526a', 'created_at': '2015-08-28 01:50:09.815', 'ttl': '2015-08-28 02:20:09.815'}
2015-08-31 23:36:28,755 - reapor - ERROR - (<class 'NameError'>, NameError("name 'lob' is not defined",), <traceback object at 0x02C63580>)
2015-08-31 23:36:43,062 - reapor - DEBUG - Don't fear the reapor
2015-08-31 23:36:43,062 - reapor - DEBUG - key: 1c529074-4fae-429f-8333-51c6eb76526a
2015-08-31 23:36:43,062 - reapor - DEBUG - value: {'name': '1c529074-4fae-429f-8333-51c6eb76526a', 'created_at': '2015-08-28 01:50:09.815', 'ttl': '2015-08-28 02:20:09.815'}
2015-08-31 23:36:43,062 - reapor - ERROR - (<class 'NameError'>, NameError("name 'lob' is not defined",), <traceback object at 0x018D3490>)
2015-08-31 23:36:48,981 - reapor - DEBUG - Don't fear the reapor
2015-08-31 23:36:48,997 - reapor - DEBUG - key: 1c529074-4fae-429f-8333-51c6eb76526a
2015-08-31 23:36:48,997 - reapor - DEBUG - value: {'name': '1c529074-4fae-429f-8333-51c6eb76526a', 'created_at': '2015-08-28 01:50:09.815', 'ttl': '2015-08-28 02:20:09.815'}
2015-08-31 23:36:48,997 - reapor - ERROR - (<class 'AttributeError'>, AttributeError("'str' object has no attribute 'debug'",), <traceback object at 0x02C93580>)
2015-08-31 23:37:10,094 - reapor - DEBUG - Don't fear the reapor
2015-08-31 23:37:10,109 - reapor - DEBUG - key: 1c529074-4fae-429f-8333-51c6eb76526a
2015-08-31 23:37:10,109 - reapor - DEBUG - value: {'name': '1c529074-4fae-429f-8333-51c6eb76526a', 'created_at': '2015-08-28 01:50:09.815', 'ttl': '2015-08-28 02:20:09.815'}
2015-08-31 23:37:10,109 - reapor - ERROR - (<class 'TypeError'>, TypeError('string indices must be integers',), <traceback object at 0x02C73580>)
2015-08-31 23:41:43,078 - reapor - DEBUG - Don't fear the reapor
2015-08-31 23:41:43,078 - reapor - DEBUG - key: 1c529074-4fae-429f-8333-51c6eb76526a
2015-08-31 23:41:43,078 - reapor - DEBUG - value: {'name': '1c529074-4fae-429f-8333-51c6eb76526a', 'created_at': '2015-08-28 01:50:09.815', 'ttl': '2015-08-28 02:20:09.815'}
2015-08-31 23:41:43,078 - reapor - ERROR - (<class 'TypeError'>, TypeError('string indices must be integers',), <traceback object at 0x01113490>)
2015-08-31 23:46:43,075 - reapor - DEBUG - Don't fear the reapor
2015-08-31 23:46:43,091 - reapor - DEBUG - key: 1c529074-4fae-429f-8333-51c6eb76526a
2015-08-31 23:46:43,091 - reapor - DEBUG - value: {'name': '1c529074-4fae-429f-8333-51c6eb76526a', 'created_at': '2015-08-28 01:50:09.815', 'ttl': '2015-08-28 02:20:09.815'}
2015-08-31 23:46:43,091 - reapor - ERROR - (<class 'TypeError'>, TypeError('string indices must be integers',), <traceback object at 0x018C3490>)
2015-08-31 23:47:59,938 - reapor - DEBUG - Don't fear the reapor
2015-08-31 23:47:59,954 - reapor - DEBUG - key: 1c529074-4fae-429f-8333-51c6eb76526a
2015-08-31 23:47:59,954 - reapor - DEBUG - value: {'name': '1c529074-4fae-429f-8333-51c6eb76526a', 'created_at': '2015-08-28 01:50:09.815', 'ttl': '2015-08-28 02:20:09.815'}
2015-08-31 23:47:59,954 - reapor - DEBUG - obj 0: {
2015-08-31 23:47:59,954 - reapor - ERROR - (<class 'TypeError'>, TypeError('string indices must be integers',), <traceback object at 0x02C03558>)
2015-08-31 23:48:21,181 - reapor - DEBUG - Don't fear the reapor
2015-08-31 23:48:21,212 - reapor - DEBUG - key: 1c529074-4fae-429f-8333-51c6eb76526a
2015-08-31 23:48:21,212 - reapor - DEBUG - value: {'name': '1c529074-4fae-429f-8333-51c6eb76526a', 'created_at': '2015-08-28 01:50:09.815', 'ttl': '2015-08-28 02:20:09.815'}
2015-08-31 23:48:21,212 - reapor - ERROR - (<class 'TypeError'>, TypeError('string indices must be integers',), <traceback object at 0x02C03558>)
2015-08-31 23:49:32,203 - reapor - DEBUG - Don't fear the reapor
2015-08-31 23:49:32,218 - reapor - DEBUG - key: 1c529074-4fae-429f-8333-51c6eb76526a
2015-08-31 23:49:32,218 - reapor - DEBUG - value: {'name': '1c529074-4fae-429f-8333-51c6eb76526a', 'created_at': '2015-08-28 01:50:09.815', 'ttl': '2015-08-28 02:20:09.815'}
2015-08-31 23:49:32,218 - reapor - ERROR - (<class 'AttributeError'>, AttributeError("'str' object has no attribute 'read'",), <traceback object at 0x02C036C0>)
2015-08-31 23:51:43,095 - reapor - DEBUG - Don't fear the reapor
2015-08-31 23:51:43,111 - reapor - DEBUG - key: 1c529074-4fae-429f-8333-51c6eb76526a
2015-08-31 23:51:43,111 - reapor - DEBUG - value: {'name': '1c529074-4fae-429f-8333-51c6eb76526a', 'created_at': '2015-08-28 01:50:09.815', 'ttl': '2015-08-28 02:20:09.815'}
2015-08-31 23:51:43,111 - reapor - ERROR - (<class 'AttributeError'>, AttributeError("'str' object has no attribute 'read'",), <traceback object at 0x019435D0>)
2015-08-31 23:56:43,074 - reapor - DEBUG - Don't fear the reapor
2015-08-31 23:56:43,074 - reapor - DEBUG - key: 1c529074-4fae-429f-8333-51c6eb76526a
2015-08-31 23:56:43,074 - reapor - DEBUG - value: {'name': '1c529074-4fae-429f-8333-51c6eb76526a', 'created_at': '2015-08-28 01:50:09.815', 'ttl': '2015-08-28 02:20:09.815'}
2015-08-31 23:56:43,074 - reapor - ERROR - (<class 'AttributeError'>, AttributeError("'str' object has no attribute 'read'",), <traceback object at 0x018D35D0>)
2015-08-31 23:57:30,966 - reapor - DEBUG - Don't fear the reapor
2015-08-31 23:57:30,981 - reapor - DEBUG - key: 1c529074-4fae-429f-8333-51c6eb76526a
2015-08-31 23:57:30,981 - reapor - DEBUG - value: {'name': '1c529074-4fae-429f-8333-51c6eb76526a', 'created_at': '2015-08-28 01:50:09.815', 'ttl': '2015-08-28 02:20:09.815'}
2015-08-31 23:57:30,981 - reapor - ERROR - (<class 'AttributeError'>, AttributeError("'str' object has no attribute 'json'",), <traceback object at 0x02BF3558>)
2015-08-31 23:59:55,078 - reapor - DEBUG - Don't fear the reapor
2015-08-31 23:59:55,093 - reapor - DEBUG - key: 1c529074-4fae-429f-8333-51c6eb76526a
2015-08-31 23:59:55,093 - reapor - DEBUG - value: {'name': '1c529074-4fae-429f-8333-51c6eb76526a', 'created_at': '2015-08-28 01:50:09.815', 'ttl': '2015-08-28 02:20:09.815'}
2015-08-31 23:59:55,093 - reapor - ERROR - (<class 'ValueError'>, ValueError('Expecting property name enclosed in double quotes: line 1 column 2 (char 1)',), <traceback object at 0x02C23DC8>)
2015-09-01 00:01:43,123 - reapor - DEBUG - Don't fear the reapor
2015-09-01 00:01:43,139 - reapor - DEBUG - key: 1c529074-4fae-429f-8333-51c6eb76526a
2015-09-01 00:01:43,139 - reapor - DEBUG - value: {'name': '1c529074-4fae-429f-8333-51c6eb76526a', 'created_at': '2015-08-28 01:50:09.815', 'ttl': '2015-08-28 02:20:09.815'}
2015-09-01 00:01:43,139 - reapor - ERROR - (<class 'ValueError'>, ValueError('Expecting property name enclosed in double quotes: line 1 column 2 (char 1)',), <traceback object at 0x01903CD8>)
2015-09-01 00:05:25,717 - reapor - DEBUG - Don't fear the reapor
2015-09-01 00:05:25,733 - reapor - DEBUG - key: f88e3629-0433-4af7-b24c-1a1d3e26a717
2015-09-01 00:05:25,733 - reapor - DEBUG - value: {"name": "f88e3629-0433-4af7-b24c-1a1d3e26a717", "created_at": "2015-09-01 00:04:57.680", "ttl": "2015-09-01 00:34:57.680"}
2015-09-01 00:05:25,733 - reapor - DEBUG - obj 0: 2015-09-01 00:34:57.680
2015-09-01 00:05:25,749 - reapor - ERROR - (<class 'TypeError'>, TypeError('string indices must be integers',), <traceback object at 0x02C436C0>)
2015-09-01 00:06:43,041 - reapor - DEBUG - Don't fear the reapor
2015-09-01 00:06:43,056 - reapor - DEBUG - key: f88e3629-0433-4af7-b24c-1a1d3e26a717
2015-09-01 00:06:43,056 - reapor - DEBUG - value: {"name": "f88e3629-0433-4af7-b24c-1a1d3e26a717", "created_at": "2015-09-01 00:04:57.680", "ttl": "2015-09-01 00:34:57.680"}
2015-09-01 00:06:43,056 - reapor - DEBUG - obj 0: 2015-09-01 00:34:57.680
2015-09-01 00:06:43,056 - reapor - ERROR - (<class 'TypeError'>, TypeError('string indices must be integers',), <traceback object at 0x019135D0>)
2015-09-01 00:07:14,378 - reapor - DEBUG - Don't fear the reapor
2015-09-01 00:07:14,393 - reapor - DEBUG - key: f88e3629-0433-4af7-b24c-1a1d3e26a717
2015-09-01 00:07:14,393 - reapor - DEBUG - value: {"name": "f88e3629-0433-4af7-b24c-1a1d3e26a717", "created_at": "2015-09-01 00:04:57.680", "ttl": "2015-09-01 00:34:57.680"}
2015-09-01 00:07:14,393 - reapor - ERROR - (<class 'TypeError'>, TypeError('an integer is required (got type str)',), <traceback object at 0x024636C0>)
2015-09-01 00:11:42,988 - reapor - DEBUG - Don't fear the reapor
2015-09-01 00:11:42,988 - reapor - DEBUG - key: f88e3629-0433-4af7-b24c-1a1d3e26a717
2015-09-01 00:11:42,988 - reapor - DEBUG - value: {"name": "f88e3629-0433-4af7-b24c-1a1d3e26a717", "created_at": "2015-09-01 00:04:57.680", "ttl": "2015-09-01 00:34:57.680"}
2015-09-01 00:11:42,988 - reapor - ERROR - (<class 'TypeError'>, TypeError('an integer is required (got type str)',), <traceback object at 0x018B35D0>)
2015-09-01 00:15:29,525 - reapor - DEBUG - Don't fear the reapor
2015-09-01 00:15:29,540 - reapor - DEBUG - key: f88e3629-0433-4af7-b24c-1a1d3e26a717
2015-09-01 00:15:29,540 - reapor - DEBUG - value: {"name": "f88e3629-0433-4af7-b24c-1a1d3e26a717", "created_at": "2015-09-01 00:04:57.680", "ttl": "2015-09-01 00:34:57.680"}
2015-09-01 00:15:29,540 - reapor - ERROR - (<class 'TypeError'>, TypeError("Can't convert 'bytes' object to str implicitly",), <traceback object at 0x02C60B70>)
2015-09-01 00:16:43,212 - reapor - DEBUG - Don't fear the reapor
2015-09-01 00:16:43,212 - reapor - DEBUG - key: f88e3629-0433-4af7-b24c-1a1d3e26a717
2015-09-01 00:16:43,212 - reapor - DEBUG - value: {"name": "f88e3629-0433-4af7-b24c-1a1d3e26a717", "created_at": "2015-09-01 00:04:57.680", "ttl": "2015-09-01 00:34:57.680"}
2015-09-01 00:16:43,228 - reapor - ERROR - (<class 'TypeError'>, TypeError("Can't convert 'bytes' object to str implicitly",), <traceback object at 0x01880A80>)
2015-09-01 00:20:16,001 - reapor - DEBUG - Don't fear the reapor
2015-09-01 00:20:16,001 - reapor - DEBUG - key: f88e3629-0433-4af7-b24c-1a1d3e26a717
2015-09-01 00:20:16,001 - reapor - DEBUG - value: {"name": "f88e3629-0433-4af7-b24c-1a1d3e26a717", "created_at": "2015-09-01 00:04:57.680", "ttl": "2015-09-01 00:34:57.680"}
2015-09-01 00:20:16,017 - reapor - ERROR - (<class 'TypeError'>, TypeError("Can't convert 'bytes' object to str implicitly",), <traceback object at 0x02C80B70>)
2015-09-01 00:20:44,468 - reapor - DEBUG - Don't fear the reapor
2015-09-01 00:20:44,500 - reapor - DEBUG - key: f88e3629-0433-4af7-b24c-1a1d3e26a717
2015-09-01 00:20:44,500 - reapor - DEBUG - value: {"name": "f88e3629-0433-4af7-b24c-1a1d3e26a717", "created_at": "2015-09-01 00:04:57.680", "ttl": "2015-09-01 00:34:57.680"}
2015-09-01 00:20:44,500 - reapor - ERROR - (<class 'AttributeError'>, AttributeError("'str' object has no attribute 'decode'",), <traceback object at 0x02C236C0>)
2015-09-01 00:21:26,943 - reapor - DEBUG - Don't fear the reapor
2015-09-01 00:21:26,959 - reapor - DEBUG - key: f88e3629-0433-4af7-b24c-1a1d3e26a717
2015-09-01 00:21:26,959 - reapor - DEBUG - value: {"name": "f88e3629-0433-4af7-b24c-1a1d3e26a717", "created_at": "2015-09-01 00:04:57.680", "ttl": "2015-09-01 00:34:57.680"}
2015-09-01 00:21:26,974 - reapor - DEBUG - 2015-09-01 00:34:57.680000
2015-09-01 00:21:26,974 - reapor - ERROR - (<class 'TypeError'>, TypeError("Can't convert 'bytes' object to str implicitly",), <traceback object at 0x02CD0B70>)
2015-09-01 00:21:42,965 - reapor - DEBUG - Don't fear the reapor
2015-09-01 00:21:42,980 - reapor - DEBUG - key: f88e3629-0433-4af7-b24c-1a1d3e26a717
2015-09-01 00:21:42,980 - reapor - DEBUG - value: {"name": "f88e3629-0433-4af7-b24c-1a1d3e26a717", "created_at": "2015-09-01 00:04:57.680", "ttl": "2015-09-01 00:34:57.680"}
2015-09-01 00:21:42,980 - reapor - DEBUG - 2015-09-01 00:34:57.680000
2015-09-01 00:21:42,980 - reapor - ERROR - (<class 'TypeError'>, TypeError("Can't convert 'bytes' object to str implicitly",), <traceback object at 0x01890A80>)
2015-09-01 00:26:43,182 - reapor - DEBUG - Don't fear the reapor
2015-09-01 00:26:43,198 - reapor - DEBUG - key: f88e3629-0433-4af7-b24c-1a1d3e26a717
2015-09-01 00:26:43,198 - reapor - DEBUG - value: {"name": "f88e3629-0433-4af7-b24c-1a1d3e26a717", "created_at": "2015-09-01 00:04:57.680", "ttl": "2015-09-01 00:34:57.680"}
2015-09-01 00:26:43,198 - reapor - DEBUG - 2015-09-01 00:34:57.680000
2015-09-01 00:26:43,198 - reapor - ERROR - (<class 'TypeError'>, TypeError("Can't convert 'bytes' object to str implicitly",), <traceback object at 0x01920A80>)
2015-09-01 00:31:43,019 - reapor - DEBUG - Don't fear the reapor
2015-09-01 00:31:43,019 - reapor - DEBUG - key: f88e3629-0433-4af7-b24c-1a1d3e26a717
2015-09-01 00:31:43,019 - reapor - DEBUG - value: {"name": "f88e3629-0433-4af7-b24c-1a1d3e26a717", "created_at": "2015-09-01 00:04:57.680", "ttl": "2015-09-01 00:34:57.680"}
2015-09-01 00:31:43,034 - reapor - DEBUG - 2015-09-01 00:34:57.680000
2015-09-01 00:31:43,034 - reapor - ERROR - (<class 'TypeError'>, TypeError("Can't convert 'bytes' object to str implicitly",), <traceback object at 0x01910A80>)
2015-09-01 00:34:29,150 - reapor - DEBUG - Don't fear the reapor
2015-09-01 00:34:29,166 - reapor - DEBUG - key: f88e3629-0433-4af7-b24c-1a1d3e26a717
2015-09-01 00:34:29,166 - reapor - DEBUG - value: {"name": "f88e3629-0433-4af7-b24c-1a1d3e26a717", "created_at": "2015-09-01 00:04:57.680", "ttl": "2015-09-01 00:34:57.680"}
2015-09-01 00:34:29,182 - reapor - DEBUG - 2015-09-01 00:34:57.680000
